<?xml version="1.0" encoding="UTF-8"?>
<testsuite xmlns:xsi="http://www.w3.org/2001/XMLSchema-instance" xsi:noNamespaceSchemaLocation="https://maven.apache.org/surefire/maven-surefire-plugin/xsd/surefire-test-report-3.0.xsd" version="3.0" name="pintutest.RunCucumberTest" time="27.761" tests="13" errors="0" skipped="10" failures="0">
  <properties>
    <property name="gopherProxySet" value="false"/>
    <property name="awt.toolkit" value="sun.lwawt.macosx.LWCToolkit"/>
    <property name="file.encoding.pkg" value="sun.io"/>
    <property name="java.specification.version" value="1.8"/>
    <property name="sun.cpu.isalist" value=""/>
    <property name="sun.jnu.encoding" value="UTF-8"/>
    <property name="java.class.path" value="/Users/koryanggraeni/test/pintutest/target/test-classes:/Users/koryanggraeni/test/pintutest/target/classes:/Users/koryanggraeni/.m2/repository/io/cucumber/cucumber-java/7.8.1/cucumber-java-7.8.1.jar:/Users/koryanggraeni/.m2/repository/io/cucumber/cucumber-core/7.5.0/cucumber-core-7.5.0.jar:/Users/koryanggraeni/.m2/repository/io/cucumber/cucumber-gherkin/7.5.0/cucumber-gherkin-7.5.0.jar:/Users/koryanggraeni/.m2/repository/io/cucumber/cucumber-gherkin-messages/7.5.0/cucumber-gherkin-messages-7.5.0.jar:/Users/koryanggraeni/.m2/repository/io/cucumber/gherkin/23.0.1/gherkin-23.0.1.jar:/Users/koryanggraeni/.m2/repository/io/cucumber/messages/18.0.0/messages-18.0.0.jar:/Users/koryanggraeni/.m2/repository/io/cucumber/tag-expressions/4.1.0/tag-expressions-4.1.0.jar:/Users/koryanggraeni/.m2/repository/io/cucumber/cucumber-expressions/16.0.0/cucumber-expressions-16.0.0.jar:/Users/koryanggraeni/.m2/repository/io/cucumber/datatable/7.5.0/datatable-7.5.0.jar:/Users/koryanggraeni/.m2/repository/io/cucumber/cucumber-plugin/7.5.0/cucumber-plugin-7.5.0.jar:/Users/koryanggraeni/.m2/repository/io/cucumber/docstring/7.5.0/docstring-7.5.0.jar:/Users/koryanggraeni/.m2/repository/io/cucumber/html-formatter/19.2.0/html-formatter-19.2.0.jar:/Users/koryanggraeni/.m2/repository/io/cucumber/ci-environment/9.1.0/ci-environment-9.1.0.jar:/Users/koryanggraeni/.m2/repository/org/apiguardian/apiguardian-api/1.1.2/apiguardian-api-1.1.2.jar:/Users/koryanggraeni/.m2/repository/io/cucumber/cucumber-junit-platform-engine/7.5.0/cucumber-junit-platform-engine-7.5.0.jar:/Users/koryanggraeni/.m2/repository/org/junit/platform/junit-platform-engine/1.9.0/junit-platform-engine-1.9.0.jar:/Users/koryanggraeni/.m2/repository/org/opentest4j/opentest4j/1.2.0/opentest4j-1.2.0.jar:/Users/koryanggraeni/.m2/repository/org/junit/platform/junit-platform-commons/1.9.0/junit-platform-commons-1.9.0.jar:/Users/koryanggraeni/.m2/repository/org/junit/platform/junit-platform-suite/1.9.0/junit-platform-suite-1.9.0.jar:/Users/koryanggraeni/.m2/repository/org/junit/platform/junit-platform-suite-api/1.9.0/junit-platform-suite-api-1.9.0.jar:/Users/koryanggraeni/.m2/repository/org/junit/platform/junit-platform-suite-engine/1.9.0/junit-platform-suite-engine-1.9.0.jar:/Users/koryanggraeni/.m2/repository/org/junit/platform/junit-platform-suite-commons/1.9.0/junit-platform-suite-commons-1.9.0.jar:/Users/koryanggraeni/.m2/repository/org/junit/platform/junit-platform-launcher/1.9.0/junit-platform-launcher-1.9.0.jar:/Users/koryanggraeni/.m2/repository/org/junit/jupiter/junit-jupiter/5.9.0/junit-jupiter-5.9.0.jar:/Users/koryanggraeni/.m2/repository/org/junit/jupiter/junit-jupiter-api/5.9.0/junit-jupiter-api-5.9.0.jar:/Users/koryanggraeni/.m2/repository/org/junit/jupiter/junit-jupiter-params/5.9.0/junit-jupiter-params-5.9.0.jar:/Users/koryanggraeni/.m2/repository/org/junit/jupiter/junit-jupiter-engine/5.9.0/junit-jupiter-engine-5.9.0.jar:/Users/koryanggraeni/.m2/repository/io/rest-assured/rest-assured/5.1.0/rest-assured-5.1.0.jar:/Users/koryanggraeni/.m2/repository/org/apache/groovy/groovy/4.0.1/groovy-4.0.1.jar:/Users/koryanggraeni/.m2/repository/org/apache/groovy/groovy-xml/4.0.1/groovy-xml-4.0.1.jar:/Users/koryanggraeni/.m2/repository/org/apache/httpcomponents/httpclient/4.5.13/httpclient-4.5.13.jar:/Users/koryanggraeni/.m2/repository/org/apache/httpcomponents/httpcore/4.4.13/httpcore-4.4.13.jar:/Users/koryanggraeni/.m2/repository/commons-logging/commons-logging/1.2/commons-logging-1.2.jar:/Users/koryanggraeni/.m2/repository/commons-codec/commons-codec/1.11/commons-codec-1.11.jar:/Users/koryanggraeni/.m2/repository/org/apache/httpcomponents/httpmime/4.5.13/httpmime-4.5.13.jar:/Users/koryanggraeni/.m2/repository/org/hamcrest/hamcrest/2.1/hamcrest-2.1.jar:/Users/koryanggraeni/.m2/repository/org/ccil/cowan/tagsoup/tagsoup/1.2.1/tagsoup-1.2.1.jar:/Users/koryanggraeni/.m2/repository/io/rest-assured/json-path/5.1.0/json-path-5.1.0.jar:/Users/koryanggraeni/.m2/repository/org/apache/groovy/groovy-json/4.0.1/groovy-json-4.0.1.jar:/Users/koryanggraeni/.m2/repository/io/rest-assured/rest-assured-common/5.1.0/rest-assured-common-5.1.0.jar:/Users/koryanggraeni/.m2/repository/io/rest-assured/xml-path/5.1.0/xml-path-5.1.0.jar:/Users/koryanggraeni/.m2/repository/org/assertj/assertj-core/3.8.0/assertj-core-3.8.0.jar:/Users/koryanggraeni/.m2/repository/com/jayway/jsonpath/json-path/2.6.0/json-path-2.6.0.jar:/Users/koryanggraeni/.m2/repository/net/minidev/json-smart/2.4.7/json-smart-2.4.7.jar:/Users/koryanggraeni/.m2/repository/net/minidev/accessors-smart/2.4.7/accessors-smart-2.4.7.jar:/Users/koryanggraeni/.m2/repository/org/slf4j/slf4j-api/1.7.30/slf4j-api-1.7.30.jar:/Users/koryanggraeni/.m2/repository/io/appium/java-client/7.3.0/java-client-7.3.0.jar:/Users/koryanggraeni/.m2/repository/org/seleniumhq/selenium/selenium-java/3.141.59/selenium-java-3.141.59.jar:/Users/koryanggraeni/.m2/repository/org/seleniumhq/selenium/selenium-chrome-driver/3.141.59/selenium-chrome-driver-3.141.59.jar:/Users/koryanggraeni/.m2/repository/org/seleniumhq/selenium/selenium-edge-driver/3.141.59/selenium-edge-driver-3.141.59.jar:/Users/koryanggraeni/.m2/repository/org/seleniumhq/selenium/selenium-firefox-driver/3.141.59/selenium-firefox-driver-3.141.59.jar:/Users/koryanggraeni/.m2/repository/org/seleniumhq/selenium/selenium-ie-driver/3.141.59/selenium-ie-driver-3.141.59.jar:/Users/koryanggraeni/.m2/repository/org/seleniumhq/selenium/selenium-opera-driver/3.141.59/selenium-opera-driver-3.141.59.jar:/Users/koryanggraeni/.m2/repository/org/seleniumhq/selenium/selenium-remote-driver/3.141.59/selenium-remote-driver-3.141.59.jar:/Users/koryanggraeni/.m2/repository/org/seleniumhq/selenium/selenium-safari-driver/3.141.59/selenium-safari-driver-3.141.59.jar:/Users/koryanggraeni/.m2/repository/net/bytebuddy/byte-buddy/1.8.15/byte-buddy-1.8.15.jar:/Users/koryanggraeni/.m2/repository/org/apache/commons/commons-exec/1.3/commons-exec-1.3.jar:/Users/koryanggraeni/.m2/repository/com/google/guava/guava/25.0-jre/guava-25.0-jre.jar:/Users/koryanggraeni/.m2/repository/com/google/code/findbugs/jsr305/1.3.9/jsr305-1.3.9.jar:/Users/koryanggraeni/.m2/repository/org/checkerframework/checker-compat-qual/2.0.0/checker-compat-qual-2.0.0.jar:/Users/koryanggraeni/.m2/repository/com/google/errorprone/error_prone_annotations/2.1.3/error_prone_annotations-2.1.3.jar:/Users/koryanggraeni/.m2/repository/com/google/j2objc/j2objc-annotations/1.1/j2objc-annotations-1.1.jar:/Users/koryanggraeni/.m2/repository/org/codehaus/mojo/animal-sniffer-annotations/1.14/animal-sniffer-annotations-1.14.jar:/Users/koryanggraeni/.m2/repository/com/squareup/okhttp3/okhttp/3.11.0/okhttp-3.11.0.jar:/Users/koryanggraeni/.m2/repository/com/squareup/okio/okio/1.14.0/okio-1.14.0.jar:/Users/koryanggraeni/.m2/repository/org/seleniumhq/selenium/selenium-support/3.141.59/selenium-support-3.141.59.jar:/Users/koryanggraeni/.m2/repository/org/seleniumhq/selenium/selenium-api/3.141.59/selenium-api-3.141.59.jar:/Users/koryanggraeni/.m2/repository/com/google/code/gson/gson/2.8.5/gson-2.8.5.jar:/Users/koryanggraeni/.m2/repository/cglib/cglib/3.2.12/cglib-3.2.12.jar:/Users/koryanggraeni/.m2/repository/org/ow2/asm/asm/7.1/asm-7.1.jar:/Users/koryanggraeni/.m2/repository/commons-validator/commons-validator/1.6/commons-validator-1.6.jar:/Users/koryanggraeni/.m2/repository/commons-beanutils/commons-beanutils/1.9.2/commons-beanutils-1.9.2.jar:/Users/koryanggraeni/.m2/repository/commons-digester/commons-digester/1.8.1/commons-digester-1.8.1.jar:/Users/koryanggraeni/.m2/repository/commons-collections/commons-collections/3.2.2/commons-collections-3.2.2.jar:/Users/koryanggraeni/.m2/repository/org/apache/commons/commons-lang3/3.9/commons-lang3-3.9.jar:/Users/koryanggraeni/.m2/repository/commons-io/commons-io/2.6/commons-io-2.6.jar:/Users/koryanggraeni/.m2/repository/org/springframework/spring-context/5.1.8.RELEASE/spring-context-5.1.8.RELEASE.jar:/Users/koryanggraeni/.m2/repository/org/springframework/spring-aop/5.1.8.RELEASE/spring-aop-5.1.8.RELEASE.jar:/Users/koryanggraeni/.m2/repository/org/springframework/spring-beans/5.1.8.RELEASE/spring-beans-5.1.8.RELEASE.jar:/Users/koryanggraeni/.m2/repository/org/springframework/spring-core/5.1.8.RELEASE/spring-core-5.1.8.RELEASE.jar:/Users/koryanggraeni/.m2/repository/org/springframework/spring-jcl/5.1.8.RELEASE/spring-jcl-5.1.8.RELEASE.jar:/Users/koryanggraeni/.m2/repository/org/springframework/spring-expression/5.1.8.RELEASE/spring-expression-5.1.8.RELEASE.jar:/Users/koryanggraeni/.m2/repository/org/aspectj/aspectjweaver/1.9.4/aspectjweaver-1.9.4.jar:"/>
    <property name="java.vm.vendor" value="Oracle Corporation"/>
    <property name="sun.arch.data.model" value="64"/>
    <property name="java.vendor.url" value="http://java.oracle.com/"/>
    <property name="user.timezone" value="Asia/Jakarta"/>
    <property name="java.vm.specification.version" value="1.8"/>
    <property name="os.name" value="Mac OS X"/>
    <property name="user.country" value="ID"/>
    <property name="sun.java.launcher" value="SUN_STANDARD"/>
    <property name="sun.boot.library.path" value="/Library/Java/JavaVirtualMachines/jdk1.8.0_321.jdk/Contents/Home/jre/lib"/>
    <property name="sun.java.command" value="/Users/koryanggraeni/test/pintutest/target/surefire/surefirebooter-20221006214940605_3.jar /Users/koryanggraeni/test/pintutest/target/surefire 2022-10-06T21-49-39_915-jvmRun1 surefire-20221006214940605_1tmp surefire_0-20221006214940605_2tmp"/>
    <property name="http.nonProxyHosts" value="local|*.local|169.254/16|*.169.254/16"/>
    <property name="surefire.test.class.path" value="/Users/koryanggraeni/test/pintutest/target/test-classes:/Users/koryanggraeni/test/pintutest/target/classes:/Users/koryanggraeni/.m2/repository/io/cucumber/cucumber-java/7.8.1/cucumber-java-7.8.1.jar:/Users/koryanggraeni/.m2/repository/io/cucumber/cucumber-core/7.5.0/cucumber-core-7.5.0.jar:/Users/koryanggraeni/.m2/repository/io/cucumber/cucumber-gherkin/7.5.0/cucumber-gherkin-7.5.0.jar:/Users/koryanggraeni/.m2/repository/io/cucumber/cucumber-gherkin-messages/7.5.0/cucumber-gherkin-messages-7.5.0.jar:/Users/koryanggraeni/.m2/repository/io/cucumber/gherkin/23.0.1/gherkin-23.0.1.jar:/Users/koryanggraeni/.m2/repository/io/cucumber/messages/18.0.0/messages-18.0.0.jar:/Users/koryanggraeni/.m2/repository/io/cucumber/tag-expressions/4.1.0/tag-expressions-4.1.0.jar:/Users/koryanggraeni/.m2/repository/io/cucumber/cucumber-expressions/16.0.0/cucumber-expressions-16.0.0.jar:/Users/koryanggraeni/.m2/repository/io/cucumber/datatable/7.5.0/datatable-7.5.0.jar:/Users/koryanggraeni/.m2/repository/io/cucumber/cucumber-plugin/7.5.0/cucumber-plugin-7.5.0.jar:/Users/koryanggraeni/.m2/repository/io/cucumber/docstring/7.5.0/docstring-7.5.0.jar:/Users/koryanggraeni/.m2/repository/io/cucumber/html-formatter/19.2.0/html-formatter-19.2.0.jar:/Users/koryanggraeni/.m2/repository/io/cucumber/ci-environment/9.1.0/ci-environment-9.1.0.jar:/Users/koryanggraeni/.m2/repository/org/apiguardian/apiguardian-api/1.1.2/apiguardian-api-1.1.2.jar:/Users/koryanggraeni/.m2/repository/io/cucumber/cucumber-junit-platform-engine/7.5.0/cucumber-junit-platform-engine-7.5.0.jar:/Users/koryanggraeni/.m2/repository/org/junit/platform/junit-platform-engine/1.9.0/junit-platform-engine-1.9.0.jar:/Users/koryanggraeni/.m2/repository/org/opentest4j/opentest4j/1.2.0/opentest4j-1.2.0.jar:/Users/koryanggraeni/.m2/repository/org/junit/platform/junit-platform-commons/1.9.0/junit-platform-commons-1.9.0.jar:/Users/koryanggraeni/.m2/repository/org/junit/platform/junit-platform-suite/1.9.0/junit-platform-suite-1.9.0.jar:/Users/koryanggraeni/.m2/repository/org/junit/platform/junit-platform-suite-api/1.9.0/junit-platform-suite-api-1.9.0.jar:/Users/koryanggraeni/.m2/repository/org/junit/platform/junit-platform-suite-engine/1.9.0/junit-platform-suite-engine-1.9.0.jar:/Users/koryanggraeni/.m2/repository/org/junit/platform/junit-platform-suite-commons/1.9.0/junit-platform-suite-commons-1.9.0.jar:/Users/koryanggraeni/.m2/repository/org/junit/platform/junit-platform-launcher/1.9.0/junit-platform-launcher-1.9.0.jar:/Users/koryanggraeni/.m2/repository/org/junit/jupiter/junit-jupiter/5.9.0/junit-jupiter-5.9.0.jar:/Users/koryanggraeni/.m2/repository/org/junit/jupiter/junit-jupiter-api/5.9.0/junit-jupiter-api-5.9.0.jar:/Users/koryanggraeni/.m2/repository/org/junit/jupiter/junit-jupiter-params/5.9.0/junit-jupiter-params-5.9.0.jar:/Users/koryanggraeni/.m2/repository/org/junit/jupiter/junit-jupiter-engine/5.9.0/junit-jupiter-engine-5.9.0.jar:/Users/koryanggraeni/.m2/repository/io/rest-assured/rest-assured/5.1.0/rest-assured-5.1.0.jar:/Users/koryanggraeni/.m2/repository/org/apache/groovy/groovy/4.0.1/groovy-4.0.1.jar:/Users/koryanggraeni/.m2/repository/org/apache/groovy/groovy-xml/4.0.1/groovy-xml-4.0.1.jar:/Users/koryanggraeni/.m2/repository/org/apache/httpcomponents/httpclient/4.5.13/httpclient-4.5.13.jar:/Users/koryanggraeni/.m2/repository/org/apache/httpcomponents/httpcore/4.4.13/httpcore-4.4.13.jar:/Users/koryanggraeni/.m2/repository/commons-logging/commons-logging/1.2/commons-logging-1.2.jar:/Users/koryanggraeni/.m2/repository/commons-codec/commons-codec/1.11/commons-codec-1.11.jar:/Users/koryanggraeni/.m2/repository/org/apache/httpcomponents/httpmime/4.5.13/httpmime-4.5.13.jar:/Users/koryanggraeni/.m2/repository/org/hamcrest/hamcrest/2.1/hamcrest-2.1.jar:/Users/koryanggraeni/.m2/repository/org/ccil/cowan/tagsoup/tagsoup/1.2.1/tagsoup-1.2.1.jar:/Users/koryanggraeni/.m2/repository/io/rest-assured/json-path/5.1.0/json-path-5.1.0.jar:/Users/koryanggraeni/.m2/repository/org/apache/groovy/groovy-json/4.0.1/groovy-json-4.0.1.jar:/Users/koryanggraeni/.m2/repository/io/rest-assured/rest-assured-common/5.1.0/rest-assured-common-5.1.0.jar:/Users/koryanggraeni/.m2/repository/io/rest-assured/xml-path/5.1.0/xml-path-5.1.0.jar:/Users/koryanggraeni/.m2/repository/org/assertj/assertj-core/3.8.0/assertj-core-3.8.0.jar:/Users/koryanggraeni/.m2/repository/com/jayway/jsonpath/json-path/2.6.0/json-path-2.6.0.jar:/Users/koryanggraeni/.m2/repository/net/minidev/json-smart/2.4.7/json-smart-2.4.7.jar:/Users/koryanggraeni/.m2/repository/net/minidev/accessors-smart/2.4.7/accessors-smart-2.4.7.jar:/Users/koryanggraeni/.m2/repository/org/slf4j/slf4j-api/1.7.30/slf4j-api-1.7.30.jar:/Users/koryanggraeni/.m2/repository/io/appium/java-client/7.3.0/java-client-7.3.0.jar:/Users/koryanggraeni/.m2/repository/org/seleniumhq/selenium/selenium-java/3.141.59/selenium-java-3.141.59.jar:/Users/koryanggraeni/.m2/repository/org/seleniumhq/selenium/selenium-chrome-driver/3.141.59/selenium-chrome-driver-3.141.59.jar:/Users/koryanggraeni/.m2/repository/org/seleniumhq/selenium/selenium-edge-driver/3.141.59/selenium-edge-driver-3.141.59.jar:/Users/koryanggraeni/.m2/repository/org/seleniumhq/selenium/selenium-firefox-driver/3.141.59/selenium-firefox-driver-3.141.59.jar:/Users/koryanggraeni/.m2/repository/org/seleniumhq/selenium/selenium-ie-driver/3.141.59/selenium-ie-driver-3.141.59.jar:/Users/koryanggraeni/.m2/repository/org/seleniumhq/selenium/selenium-opera-driver/3.141.59/selenium-opera-driver-3.141.59.jar:/Users/koryanggraeni/.m2/repository/org/seleniumhq/selenium/selenium-remote-driver/3.141.59/selenium-remote-driver-3.141.59.jar:/Users/koryanggraeni/.m2/repository/org/seleniumhq/selenium/selenium-safari-driver/3.141.59/selenium-safari-driver-3.141.59.jar:/Users/koryanggraeni/.m2/repository/net/bytebuddy/byte-buddy/1.8.15/byte-buddy-1.8.15.jar:/Users/koryanggraeni/.m2/repository/org/apache/commons/commons-exec/1.3/commons-exec-1.3.jar:/Users/koryanggraeni/.m2/repository/com/google/guava/guava/25.0-jre/guava-25.0-jre.jar:/Users/koryanggraeni/.m2/repository/com/google/code/findbugs/jsr305/1.3.9/jsr305-1.3.9.jar:/Users/koryanggraeni/.m2/repository/org/checkerframework/checker-compat-qual/2.0.0/checker-compat-qual-2.0.0.jar:/Users/koryanggraeni/.m2/repository/com/google/errorprone/error_prone_annotations/2.1.3/error_prone_annotations-2.1.3.jar:/Users/koryanggraeni/.m2/repository/com/google/j2objc/j2objc-annotations/1.1/j2objc-annotations-1.1.jar:/Users/koryanggraeni/.m2/repository/org/codehaus/mojo/animal-sniffer-annotations/1.14/animal-sniffer-annotations-1.14.jar:/Users/koryanggraeni/.m2/repository/com/squareup/okhttp3/okhttp/3.11.0/okhttp-3.11.0.jar:/Users/koryanggraeni/.m2/repository/com/squareup/okio/okio/1.14.0/okio-1.14.0.jar:/Users/koryanggraeni/.m2/repository/org/seleniumhq/selenium/selenium-support/3.141.59/selenium-support-3.141.59.jar:/Users/koryanggraeni/.m2/repository/org/seleniumhq/selenium/selenium-api/3.141.59/selenium-api-3.141.59.jar:/Users/koryanggraeni/.m2/repository/com/google/code/gson/gson/2.8.5/gson-2.8.5.jar:/Users/koryanggraeni/.m2/repository/cglib/cglib/3.2.12/cglib-3.2.12.jar:/Users/koryanggraeni/.m2/repository/org/ow2/asm/asm/7.1/asm-7.1.jar:/Users/koryanggraeni/.m2/repository/commons-validator/commons-validator/1.6/commons-validator-1.6.jar:/Users/koryanggraeni/.m2/repository/commons-beanutils/commons-beanutils/1.9.2/commons-beanutils-1.9.2.jar:/Users/koryanggraeni/.m2/repository/commons-digester/commons-digester/1.8.1/commons-digester-1.8.1.jar:/Users/koryanggraeni/.m2/repository/commons-collections/commons-collections/3.2.2/commons-collections-3.2.2.jar:/Users/koryanggraeni/.m2/repository/org/apache/commons/commons-lang3/3.9/commons-lang3-3.9.jar:/Users/koryanggraeni/.m2/repository/commons-io/commons-io/2.6/commons-io-2.6.jar:/Users/koryanggraeni/.m2/repository/org/springframework/spring-context/5.1.8.RELEASE/spring-context-5.1.8.RELEASE.jar:/Users/koryanggraeni/.m2/repository/org/springframework/spring-aop/5.1.8.RELEASE/spring-aop-5.1.8.RELEASE.jar:/Users/koryanggraeni/.m2/repository/org/springframework/spring-beans/5.1.8.RELEASE/spring-beans-5.1.8.RELEASE.jar:/Users/koryanggraeni/.m2/repository/org/springframework/spring-core/5.1.8.RELEASE/spring-core-5.1.8.RELEASE.jar:/Users/koryanggraeni/.m2/repository/org/springframework/spring-jcl/5.1.8.RELEASE/spring-jcl-5.1.8.RELEASE.jar:/Users/koryanggraeni/.m2/repository/org/springframework/spring-expression/5.1.8.RELEASE/spring-expression-5.1.8.RELEASE.jar:/Users/koryanggraeni/.m2/repository/org/aspectj/aspectjweaver/1.9.4/aspectjweaver-1.9.4.jar:"/>
    <property name="sun.cpu.endian" value="little"/>
    <property name="user.home" value="/Users/koryanggraeni"/>
    <property name="user.language" value="en"/>
    <property name="java.specification.vendor" value="Oracle Corporation"/>
    <property name="java.home" value="/Library/Java/JavaVirtualMachines/jdk1.8.0_321.jdk/Contents/Home/jre"/>
    <property name="basedir" value="/Users/koryanggraeni/test/pintutest"/>
    <property name="file.separator" value="/"/>
    <property name="line.separator" value="&#10;"/>
    <property name="java.vm.specification.vendor" value="Oracle Corporation"/>
    <property name="java.specification.name" value="Java Platform API Specification"/>
    <property name="java.awt.graphicsenv" value="sun.awt.CGraphicsEnvironment"/>
    <property name="surefire.real.class.path" value="/Users/koryanggraeni/test/pintutest/target/surefire/surefirebooter-20221006214940605_3.jar"/>
    <property name="sun.boot.class.path" value="/Library/Java/JavaVirtualMachines/jdk1.8.0_321.jdk/Contents/Home/jre/lib/resources.jar:/Library/Java/JavaVirtualMachines/jdk1.8.0_321.jdk/Contents/Home/jre/lib/rt.jar:/Library/Java/JavaVirtualMachines/jdk1.8.0_321.jdk/Contents/Home/jre/lib/sunrsasign.jar:/Library/Java/JavaVirtualMachines/jdk1.8.0_321.jdk/Contents/Home/jre/lib/jsse.jar:/Library/Java/JavaVirtualMachines/jdk1.8.0_321.jdk/Contents/Home/jre/lib/jce.jar:/Library/Java/JavaVirtualMachines/jdk1.8.0_321.jdk/Contents/Home/jre/lib/charsets.jar:/Library/Java/JavaVirtualMachines/jdk1.8.0_321.jdk/Contents/Home/jre/lib/jfr.jar:/Library/Java/JavaVirtualMachines/jdk1.8.0_321.jdk/Contents/Home/jre/classes"/>
    <property name="sun.management.compiler" value="HotSpot 64-Bit Tiered Compilers"/>
    <property name="ftp.nonProxyHosts" value="local|*.local|169.254/16|*.169.254/16"/>
    <property name="java.runtime.version" value="1.8.0_321-b07"/>
    <property name="user.name" value="koryanggraeni"/>
    <property name="path.separator" value=":"/>
    <property name="os.version" value="12.4"/>
    <property name="java.endorsed.dirs" value="/Library/Java/JavaVirtualMachines/jdk1.8.0_321.jdk/Contents/Home/jre/lib/endorsed"/>
    <property name="java.runtime.name" value="Java(TM) SE Runtime Environment"/>
    <property name="file.encoding" value="UTF-8"/>
    <property name="java.vm.name" value="Java HotSpot(TM) 64-Bit Server VM"/>
    <property name="localRepository" value="/Users/koryanggraeni/.m2/repository"/>
    <property name="java.vendor.url.bug" value="http://bugreport.sun.com/bugreport/"/>
    <property name="java.io.tmpdir" value="/var/folders/6h/v7xjf0bn4y341rx9pz3022z00000gn/T/"/>
    <property name="cucumber.filter.tags" value="@login-failed"/>
    <property name="java.version" value="1.8.0_321"/>
    <property name="user.dir" value="/Users/koryanggraeni/test/pintutest"/>
    <property name="os.arch" value="x86_64"/>
    <property name="java.vm.specification.name" value="Java Virtual Machine Specification"/>
    <property name="java.awt.printerjob" value="sun.lwawt.macosx.CPrinterJob"/>
    <property name="sun.os.patch.level" value="unknown"/>
    <property name="java.library.path" value="/Users/koryanggraeni/Library/Java/Extensions:/Library/Java/Extensions:/Network/Library/Java/Extensions:/System/Library/Java/Extensions:/usr/lib/java:."/>
    <property name="java.vm.info" value="mixed mode"/>
    <property name="java.vendor" value="Oracle Corporation"/>
    <property name="java.vm.version" value="25.321-b07"/>
    <property name="java.ext.dirs" value="/Users/koryanggraeni/Library/Java/Extensions:/Library/Java/JavaVirtualMachines/jdk1.8.0_321.jdk/Contents/Home/jre/lib/ext:/Library/Java/Extensions:/Network/Library/Java/Extensions:/System/Library/Java/Extensions:/usr/lib/java"/>
    <property name="sun.io.unicode.encoding" value="UnicodeBig"/>
    <property name="java.class.version" value="52.0"/>
    <property name="socksNonProxyHosts" value="local|*.local|169.254/16|*.169.254/16"/>
  </properties>
  <testcase name="Login - Success" classname="Android automation" time="0">
    <skipped message="&apos;cucumber.filter.tags=@login-failed&apos; did not match this scenario"/>
  </testcase>
  <testcase name="Example #1" classname="Examples" time="9.914">
    <system-out><![CDATA[
@androidTest @login-failed
Scenario Outline: Login - Failed                       &amp#27;[90m# pintutest/androidTest.feature:25&amp#27;[0m
  &amp#27;[32mGiven &amp#27;[0m&amp#27;[32mapp is launched&amp#27;[0m                                &amp#27;[90m# pintutest.AndroidStepdefs.appIsLaunched()&amp#27;[0m
  &amp#27;[32mWhen &amp#27;[0m&amp#27;[32muser fill the login email with &amp#27;[0m&amp#27;[32m&amp#27;[1m"test1@test.com"&amp#27;[0m &amp#27;[90m# pintutest.AndroidStepdefs.userFillTheLoginEmailWith(java.lang.String)&amp#27;[0m
  &amp#27;[32mAnd &amp#27;[0m&amp#27;[32muser fill the login password with &amp#27;[0m&amp#27;[32m&amp#27;[1m"test1"&amp#27;[0m        &amp#27;[90m# pintutest.AndroidStepdefs.userFillTheLoginPasswordWith(java.lang.String)&amp#27;[0m
  &amp#27;[32mAnd &amp#27;[0m&amp#27;[32muser click login button&amp#27;[0m                          &amp#27;[90m# pintutest.AndroidStepdefs.userClickLoginButton()&amp#27;[0m
  &amp#27;[32mAnd &amp#27;[0m&amp#27;[32muser should stay on login page&amp#27;[0m                   &amp#27;[90m# pintutest.AndroidStepdefs.userShouldStayOnLoginPage()&amp#27;[0m
]]></system-out>
    <system-err><![CDATA[Oct 06, 2022 9:49:49 PM io.appium.java_client.remote.AppiumCommandExecutor$1 lambda$0
INFO: Detected dialect: W3C
]]></system-err>
  </testcase>
  <testcase name="Example #1" classname="Examples" time="0">
    <skipped message="&apos;cucumber.filter.tags=@login-failed&apos; did not match this scenario"/>
  </testcase>
  <testcase name="Example #2" classname="Examples" time="8.99">
    <system-out><![CDATA[
@androidTest @login-failed
Scenario Outline: Login - Failed                &amp#27;[90m# pintutest/androidTest.feature:26&amp#27;[0m
  &amp#27;[32mGiven &amp#27;[0m&amp#27;[32mapp is launched&amp#27;[0m                         &amp#27;[90m# pintutest.AndroidStepdefs.appIsLaunched()&amp#27;[0m
  &amp#27;[32mWhen &amp#27;[0m&amp#27;[32muser fill the login email with &amp#27;[0m&amp#27;[32m&amp#27;[1m""&amp#27;[0m        &amp#27;[90m# pintutest.AndroidStepdefs.userFillTheLoginEmailWith(java.lang.String)&amp#27;[0m
  &amp#27;[32mAnd &amp#27;[0m&amp#27;[32muser fill the login password with &amp#27;[0m&amp#27;[32m&amp#27;[1m"test1"&amp#27;[0m &amp#27;[90m# pintutest.AndroidStepdefs.userFillTheLoginPasswordWith(java.lang.String)&amp#27;[0m
  &amp#27;[32mAnd &amp#27;[0m&amp#27;[32muser click login button&amp#27;[0m                   &amp#27;[90m# pintutest.AndroidStepdefs.userClickLoginButton()&amp#27;[0m
  &amp#27;[32mAnd &amp#27;[0m&amp#27;[32muser should stay on login page&amp#27;[0m            &amp#27;[90m# pintutest.AndroidStepdefs.userShouldStayOnLoginPage()&amp#27;[0m
]]></system-out>
    <system-err><![CDATA[Oct 06, 2022 9:49:57 PM io.appium.java_client.remote.AppiumCommandExecutor$1 lambda$0
INFO: Detected dialect: W3C
]]></system-err>
  </testcase>
  <testcase name="Example #2" classname="Examples" time="0">
    <skipped message="&apos;cucumber.filter.tags=@login-failed&apos; did not match this scenario"/>
  </testcase>
  <testcase name="Example #3" classname="Examples" time="8.662">
    <system-out><![CDATA[
@androidTest @login-failed
Scenario Outline: Login - Failed                       &amp#27;[90m# pintutest/androidTest.feature:27&amp#27;[0m
  &amp#27;[32mGiven &amp#27;[0m&amp#27;[32mapp is launched&amp#27;[0m                                &amp#27;[90m# pintutest.AndroidStepdefs.appIsLaunched()&amp#27;[0m
  &amp#27;[32mWhen &amp#27;[0m&amp#27;[32muser fill the login email with &amp#27;[0m&amp#27;[32m&amp#27;[1m"test1@test.com"&amp#27;[0m &amp#27;[90m# pintutest.AndroidStepdefs.userFillTheLoginEmailWith(java.lang.String)&amp#27;[0m
  &amp#27;[32mAnd &amp#27;[0m&amp#27;[32muser fill the login password with &amp#27;[0m&amp#27;[32m&amp#27;[1m""&amp#27;[0m             &amp#27;[90m# pintutest.AndroidStepdefs.userFillTheLoginPasswordWith(java.lang.String)&amp#27;[0m
  &amp#27;[32mAnd &amp#27;[0m&amp#27;[32muser click login button&amp#27;[0m                          &amp#27;[90m# pintutest.AndroidStepdefs.userClickLoginButton()&amp#27;[0m
  &amp#27;[32mAnd &amp#27;[0m&amp#27;[32muser should stay on login page&amp#27;[0m                   &amp#27;[90m# pintutest.AndroidStepdefs.userShouldStayOnLoginPage()&amp#27;[0m
]]></system-out>
    <system-err><![CDATA[Oct 06, 2022 9:50:06 PM io.appium.java_client.remote.AppiumCommandExecutor$1 lambda$0
INFO: Detected dialect: W3C
]]></system-err>
  </testcase>
  <testcase name="Example #3" classname="Examples" time="0">
    <skipped message="&apos;cucumber.filter.tags=@login-failed&apos; did not match this scenario"/>
  </testcase>
  <testcase name="Example #4" classname="Examples" time="0">
    <skipped message="&apos;cucumber.filter.tags=@login-failed&apos; did not match this scenario"/>
  </testcase>
  <testcase name="Example #5" classname="Examples" time="0">
    <skipped message="&apos;cucumber.filter.tags=@login-failed&apos; did not match this scenario"/>
  </testcase>
  <testcase name="Example #6" classname="Examples" time="0">
    <skipped message="&apos;cucumber.filter.tags=@login-failed&apos; did not match this scenario"/>
  </testcase>
  <testcase name="Example #7" classname="Examples" time="0">
    <skipped message="&apos;cucumber.filter.tags=@login-failed&apos; did not match this scenario"/>
  </testcase>
  <testcase name="GET - /posts" classname="API automation" time="0">
    <skipped message="&apos;cucumber.filter.tags=@login-failed&apos; did not match this scenario"/>
  </testcase>
  <testcase name="Post - /posts" classname="API automation" time="0">
    <skipped message="&apos;cucumber.filter.tags=@login-failed&apos; did not match this scenario"/>
  </testcase>
</testsuite>